<?xml version="1.0" encoding="UTF-8"?>
<!-- Generated by org.testng.reporters.JUnitReportReporter -->
<testsuite hostname="DESKTOP-S40FGN7" failures="0" tests="1" name="com.WellBeing.admin.PatientRegistration" time="17.949" errors="0" timestamp="2023-03-09T17:27:23 IST" skipped="0">
  <testcase classname="com.WellBeing.admin.PatientRegistration" name="patientTest" time="17.949"/>
  <system-out/>
</testsuite> <!-- com.WellBeing.admin.PatientRegistration -->
