<?xml version="1.0" encoding="UTF-8"?>
<!-- Generated by org.testng.reporters.JUnitReportReporter -->
<testsuite hostname="LAPTOP-98QEEPAM" failures="0" tests="1" name="com.WellBeing.admin.PatientRegistration" time="18.945" errors="0" timestamp="2023-03-14T13:13:14 IST" skipped="0">
  <testcase classname="com.WellBeing.admin.PatientRegistration" name="patientTest" time="18.945"/>
  <system-out/>
</testsuite> <!-- com.WellBeing.admin.PatientRegistration -->
