<?xml version="1.0" encoding="UTF-8"?>
<!-- Generated by org.testng.reporters.JUnitReportReporter -->
<testsuite hostname="DESKTOP-S40FGN7" failures="0" tests="1" name="com.WellBeing.admin.PatientRegistration" time="9.437" errors="0" timestamp="2023-03-09T12:38:48 IST" skipped="0">
  <testcase classname="com.WellBeing.admin.PatientRegistration" name="patientTest" time="9.437"/>
  <system-out/>
</testsuite> <!-- com.WellBeing.admin.PatientRegistration -->
