<?xml version="1.0" encoding="UTF-8"?>
<!-- Generated by org.testng.reporters.JUnitReportReporter -->
<testsuite hostname="LAPTOP-98QEEPAM" failures="0" tests="1" name="Module.kio" time="0.010" errors="0" timestamp="6 Mar 2023 06:52:57 GMT">
  <testcase classname="Module.kio" name="hello" time="0.010"/>
</testsuite> <!-- Module.kio -->
