<?xml version="1.0" encoding="UTF-8"?>
<!-- Generated by org.testng.reporters.JUnitReportReporter -->
<<<<<<< HEAD
<testsuite hostname="LAPTOP-98QEEPAM" failures="0" tests="1" name="com.WellBeing.admin.CreatePatientWithAdminTest1" time="0.526" errors="0" timestamp="2023-03-08T14:36:56 IST" skipped="0">
  <testcase classname="com.WellBeing.admin.CreatePatientWithAdminTest1" name="createPatientTest" time="0.526"/>
=======
<<<<<<< HEAD
<testsuite hostname="DESKTOP-S40FGN7" failures="0" tests="1" name="com.WellBeing.admin.CreatePatientWithAdminTest1" time="0.885" errors="0" timestamp="2023-03-08T14:41:56 IST" skipped="0">
  <testcase classname="com.WellBeing.admin.CreatePatientWithAdminTest1" name="createPatientTest" time="0.885"/>
  <system-out/>
</testsuite> <!-- com.WellBeing.admin.CreatePatientWithAdminTest1 -->
=======
<testsuite hostname="LAPTOP-98QEEPAM" failures="0" tests="1" name="com.WellBeing.admin.CreatePatientWithAdminTest1" time="0.378" errors="0" timestamp="2023-03-08T13:24:34 IST" skipped="0">
  <testcase classname="com.WellBeing.admin.CreatePatientWithAdminTest1" name="createPatientTest" time="0.378"/>
>>>>>>> branch 'master' of https://github.com/PraveenShivu/WellBeing
  <system-out/>
</testsuite> <!-- com.WellBeing.admin.CreatePatientWithAdminTest1 -->
>>>>>>> branch 'master' of https://github.com/PraveenShivu/WellBeing
