<?xml version="1.0" encoding="UTF-8"?>
<!-- Generated by org.testng.reporters.JUnitReportReporter -->
<testsuite hostname="DESKTOP-S40FGN7" failures="0" tests="1" name="com.WellBeing.admin.TestClass" time="0.765" errors="0" timestamp="2023-03-08T11:21:12 IST" skipped="0">
  <testcase classname="com.WellBeing.admin.TestClass" name="test" time="0.765"/>
  <system-out/>
</testsuite> <!-- com.WellBeing.admin.TestClass -->
