<?xml version="1.0" encoding="UTF-8"?>
<!-- Generated by org.testng.reporters.JUnitReportReporter -->
<testsuite hostname="LAPTOP-98QEEPAM" failures="0" tests="1" name="com.WellBeing.admin.TestClass" time="0.461" errors="0" timestamp="2023-03-08T11:13:42 IST" skipped="0">
  <testcase classname="com.WellBeing.admin.TestClass" name="test" time="0.461"/>
  <system-out/>
</testsuite> <!-- com.WellBeing.admin.TestClass -->
