<?xml version="1.0" encoding="UTF-8"?>
<!-- Generated by org.testng.reporters.JUnitReportReporter -->
<testsuite hostname="DESKTOP-S40FGN7" failures="0" tests="1" name="com.WellBeing.admin.CreatePatientWithAdminTest1" time="0.994" errors="0" timestamp="2023-03-09T12:07:04 IST" skipped="0">
  <testcase classname="com.WellBeing.admin.CreatePatientWithAdminTest1" name="createPatientTest" time="0.994"/>
  <system-out/>
</testsuite> <!-- com.WellBeing.admin.CreatePatientWithAdminTest1 -->
