<?xml version="1.0" encoding="UTF-8"?>
<!-- Generated by org.testng.reporters.JUnitReportReporter -->
<testsuite hostname="LAPTOP-98QEEPAM" failures="0" tests="1" name="com.WellBeing.GenericUtility.Login" time="2.230" errors="0" timestamp="2023-03-06T17:45:22 IST" skipped="0">
  <testcase classname="com.WellBeing.GenericUtility.Login" name="log" time="2.230"/>
  <system-out/>
</testsuite> <!-- com.WellBeing.GenericUtility.Login -->
