<?xml version="1.0" encoding="UTF-8"?>
<!-- Generated by org.testng.reporters.JUnitReportReporter -->
<testsuite hostname="LAPTOP-98QEEPAM" failures="0" tests="1" name="com.WellBeing.admin.CreatePatientWithAdminTest1" time="0.526" errors="0" timestamp="2023-03-08T14:36:56 IST" skipped="0">
  <testcase classname="com.WellBeing.admin.CreatePatientWithAdminTest1" name="createPatientTest" time="0.526"/>
  <system-out/>
</testsuite> <!-- com.WellBeing.admin.CreatePatientWithAdminTest1 -->
