<?xml version="1.0" encoding="UTF-8"?>
<!-- Generated by org.testng.reporters.JUnitReportReporter -->
<testsuite hostname="DESKTOP-S40FGN7" failures="0" tests="1" name="Module.PropertyFetch" time="0.034" errors="0" timestamp="6 Mar 2023 07:42:47 GMT">
  <testcase classname="Module.PropertyFetch" name="pFetch" time="0.034"/>
</testsuite> <!-- Module.PropertyFetch -->
