<?xml version="1.0" encoding="UTF-8"?>
<!-- Generated by org.testng.reporters.JUnitReportReporter -->
<<<<<<< HEAD
<testsuite hostname="DESKTOP-S40FGN7" failures="0" tests="1" name="Module.PropertyFetch" time="0.034" errors="0" timestamp="6 Mar 2023 07:42:47 GMT">
  <testcase classname="Module.PropertyFetch" name="pFetch" time="0.034"/>
</testsuite> <!-- Module.PropertyFetch -->
=======
<testsuite hostname="LAPTOP-98QEEPAM" failures="0" tests="1" name="Module.PropertyFetch" time="0.009" errors="0" timestamp="6 Mar 2023 07:39:11 GMT">
  <testcase classname="Module.PropertyFetch" name="pFetch" time="0.009"/>
</testsuite> <!-- Module.PropertyFetch -->
>>>>>>> branch 'master' of https://github.com/PraveenShivu/WellBeing
