<?xml version="1.0" encoding="UTF-8"?>
<!-- Generated by org.testng.reporters.JUnitReportReporter -->
<testsuite hostname="DESKTOP-S40FGN7" failures="0" tests="1" name="com.WellBeing.admin.PatientRegistration" time="20.075" errors="0" timestamp="2023-03-13T10:59:15 IST" skipped="0">
  <testcase classname="com.WellBeing.admin.PatientRegistration" name="patientTest" time="20.075"/>
  <system-out/>
</testsuite> <!-- com.WellBeing.admin.PatientRegistration -->
